<?xml version="1.0" encoding="UTF-8"?>
<!-- Generated by org.testng.reporters.JUnitReportReporter -->
<testsuite hostname="DESKTOP-TH9ENOO" failures="0" tests="2" name="com.learnautomation.testcases.Login01" time="3.554" errors="0" timestamp="2023-07-10T19:41:11 IST" skipped="0">
  <testcase classname="com.learnautomation.testcases.Login01" name="logoutApp" time="0.195"/>
  <system-out/>
  <testcase classname="com.learnautomation.testcases.Login01" name="loginApp" time="3.359"/>
  <system-out/>
</testsuite> <!-- com.learnautomation.testcases.Login01 -->
