<?xml version="1.0" encoding="UTF-8"?>
<!-- Generated by org.testng.reporters.JUnitReportReporter -->
<testsuite hostname="DESKTOP-TH9ENOO" failures="0" tests="1" name="com.learnautomation.testcases.TCwithoutfw" time="28.144" errors="0" timestamp="2023-07-09T17:13:59 IST" skipped="0">
  <testcase classname="com.learnautomation.testcases.TCwithoutfw" name="Tcwithoutfw" time="28.144"/>
  <system-out/>
</testsuite> <!-- com.learnautomation.testcases.TCwithoutfw -->
